<?xml version="1.0" encoding="UTF-8"?>
<testsuite name="hexlet.code.StylishFormatTest" tests="1" skipped="0" failures="0" errors="0" timestamp="2024-02-05T13:20:07" hostname="raider-ge78hx" time="0.001">
  <properties/>
  <testcase name="getStylishFormatDataTest()" classname="hexlet.code.StylishFormatTest" time="0.001"/>
  <system-out><![CDATA[]]></system-out>
  <system-err><![CDATA[]]></system-err>
</testsuite>
