<?xml version="1.0" encoding="UTF-8"?>
<testsuite name="hexlet.code.DifferTest" tests="1" skipped="0" failures="0" errors="0" timestamp="2024-02-05T13:20:07" hostname="raider-ge78hx" time="0.063">
  <properties/>
  <testcase name="generateTest()" classname="hexlet.code.DifferTest" time="0.063"/>
  <system-out><![CDATA[]]></system-out>
  <system-err><![CDATA[]]></system-err>
</testsuite>
